-------------------------------------------------------------------------------
Test set: com.musicorganizer.scanner.ParallelMusicScannerTest$VirtualThreadProcessingTests
-------------------------------------------------------------------------------
Tests run: 2, Failures: 1, Errors: 0, Skipped: 0, Time elapsed: 0.007 s <<< FAILURE! -- in com.musicorganizer.scanner.ParallelMusicScannerTest$VirtualThreadProcessingTests
com.musicorganizer.scanner.ParallelMusicScannerTest$VirtualThreadProcessingTests.shouldUseVirtualThreadsForParallelProcessing -- Time elapsed: 0.004 s <<< FAILURE!
org.opentest4j.AssertionFailedError: Should use virtual threads for processing ==> expected: <true> but was: <false>
	at org.junit.jupiter.api.AssertionFailureBuilder.build(AssertionFailureBuilder.java:151)
	at org.junit.jupiter.api.AssertionFailureBuilder.buildAndThrow(AssertionFailureBuilder.java:132)
	at org.junit.jupiter.api.AssertTrue.failNotTrue(AssertTrue.java:63)
	at org.junit.jupiter.api.AssertTrue.assertTrue(AssertTrue.java:36)
	at org.junit.jupiter.api.Assertions.assertTrue(Assertions.java:214)
	at com.musicorganizer.scanner.ParallelMusicScannerTest$VirtualThreadProcessingTests.shouldUseVirtualThreadsForParallelProcessing(ParallelMusicScannerTest.java:367)
	at java.base/java.lang.reflect.Method.invoke(Method.java:565)
	at java.base/java.util.ArrayList.forEach(ArrayList.java:1604)
	at java.base/java.util.ArrayList.forEach(ArrayList.java:1604)
	at java.base/java.util.ArrayList.forEach(ArrayList.java:1604)

