-------------------------------------------------------------------------------
Test set: com.musicorganizer.scanner.ParallelMusicScannerTest$MultipleFileProcessingTests
-------------------------------------------------------------------------------
Tests run: 3, Failures: 3, Errors: 0, Skipped: 0, Time elapsed: 5.015 s <<< FAILURE! -- in com.musicorganizer.scanner.ParallelMusicScannerTest$MultipleFileProcessingTests
com.musicorganizer.scanner.ParallelMusicScannerTest$MultipleFileProcessingTests.shouldHandleMixedSuccessAndFailureScenarios -- Time elapsed: 0.003 s <<< FAILURE!
org.opentest4j.AssertionFailedError: Unexpected type, expected: <com.musicorganizer.model.ScanResult.Partial> but was: <com.musicorganizer.model.ScanResult.Success>
	at org.junit.jupiter.api.AssertionFailureBuilder.build(AssertionFailureBuilder.java:151)
	at org.junit.jupiter.api.AssertionFailureBuilder.buildAndThrow(AssertionFailureBuilder.java:132)
	at org.junit.jupiter.api.AssertInstanceOf.assertInstanceOf(AssertInstanceOf.java:49)
	at org.junit.jupiter.api.AssertInstanceOf.assertInstanceOf(AssertInstanceOf.java:31)
	at org.junit.jupiter.api.Assertions.assertInstanceOf(Assertions.java:3583)
	at com.musicorganizer.scanner.ParallelMusicScannerTest$MultipleFileProcessingTests.shouldHandleMixedSuccessAndFailureScenarios(ParallelMusicScannerTest.java:288)
	at java.base/java.lang.reflect.Method.invoke(Method.java:565)
	at java.base/java.util.ArrayList.forEach(ArrayList.java:1604)
	at java.base/java.util.ArrayList.forEach(ArrayList.java:1604)
	at java.base/java.util.ArrayList.forEach(ArrayList.java:1604)

com.musicorganizer.scanner.ParallelMusicScannerTest$MultipleFileProcessingTests.shouldRespectSemaphoreLimitsForConcurrency -- Time elapsed: 5.006 s <<< FAILURE!
org.opentest4j.AssertionFailedError: expected: <true> but was: <false>
	at org.junit.jupiter.api.AssertionFailureBuilder.build(AssertionFailureBuilder.java:151)
	at org.junit.jupiter.api.AssertionFailureBuilder.buildAndThrow(AssertionFailureBuilder.java:132)
	at org.junit.jupiter.api.AssertTrue.failNotTrue(AssertTrue.java:63)
	at org.junit.jupiter.api.AssertTrue.assertTrue(AssertTrue.java:36)
	at org.junit.jupiter.api.AssertTrue.assertTrue(AssertTrue.java:31)
	at org.junit.jupiter.api.Assertions.assertTrue(Assertions.java:183)
	at com.musicorganizer.scanner.ParallelMusicScannerTest$MultipleFileProcessingTests.shouldRespectSemaphoreLimitsForConcurrency(ParallelMusicScannerTest.java:329)
	at java.base/java.lang.reflect.Method.invoke(Method.java:565)
	at java.base/java.util.ArrayList.forEach(ArrayList.java:1604)
	at java.base/java.util.ArrayList.forEach(ArrayList.java:1604)
	at java.base/java.util.ArrayList.forEach(ArrayList.java:1604)

com.musicorganizer.scanner.ParallelMusicScannerTest$MultipleFileProcessingTests.shouldProcessMultipleFilesConcurrently -- Time elapsed: 0.004 s <<< FAILURE!
org.opentest4j.AssertionFailedError: Should process files concurrently ==> expected: <true> but was: <false>
	at org.junit.jupiter.api.AssertionFailureBuilder.build(AssertionFailureBuilder.java:151)
	at org.junit.jupiter.api.AssertionFailureBuilder.buildAndThrow(AssertionFailureBuilder.java:132)
	at org.junit.jupiter.api.AssertTrue.failNotTrue(AssertTrue.java:63)
	at org.junit.jupiter.api.AssertTrue.assertTrue(AssertTrue.java:36)
	at org.junit.jupiter.api.Assertions.assertTrue(Assertions.java:214)
	at com.musicorganizer.scanner.ParallelMusicScannerTest$MultipleFileProcessingTests.shouldProcessMultipleFilesConcurrently(ParallelMusicScannerTest.java:269)
	at java.base/java.lang.reflect.Method.invoke(Method.java:565)
	at java.base/java.util.ArrayList.forEach(ArrayList.java:1604)
	at java.base/java.util.ArrayList.forEach(ArrayList.java:1604)
	at java.base/java.util.ArrayList.forEach(ArrayList.java:1604)

