<?xml version="1.0" encoding="UTF-8"?>
<testsuite xmlns:xsi="http://www.w3.org/2001/XMLSchema-instance" xsi:noNamespaceSchemaLocation="https://maven.apache.org/surefire/maven-surefire-plugin/xsd/surefire-test-report-3.0.xsd" version="3.0" name="com.musicorganizer.organizer.SimpleNIOFileOrganizerTest$ConfigurationTests" time="0.006" tests="16" errors="0" skipped="0" failures="0">
  <properties>
[...]
</properties>
  <testcase name="shouldOrganizeSingleFileWithCompleteMetadata" classname="com.musicorganizer.organizer.SimpleNIOFileOrganizerTest" time="0.612">
    <system-err><![CDATA[WARNING: A Java agent has been loaded dynamically (C:\Users\caio\.m2\repository\net\bytebuddy\byte-buddy-agent\1.14.9\byte-buddy-agent-1.14.9.jar)
WARNING: If a serviceability tool is in use, please run with -XX:+EnableDynamicAgentLoading to hide this warning
WARNING: If a serviceability tool is not in use, please run with -Djdk.instrument.traceUsage for more information
WARNING: Dynamic loading of agents will be disallowed by default in a future release
]]></system-err>
  </testcase>
  <testcase name="shouldOrganizeFileWithMinimalMetadata" classname="com.musicorganizer.organizer.SimpleNIOFileOrganizerTest" time="0.004"/>
  <testcase name="shouldSanitizeInvalidCharacters" classname="com.musicorganizer.organizer.SimpleNIOFileOrganizerTest" time="0.004"/>
  <testcase name="shouldHandleNullAndEmptyMetadata" classname="com.musicorganizer.organizer.SimpleNIOFileOrganizerTest" time="0.003"/>
  <testcase name="shouldOrganizeMultipleFiles" classname="com.musicorganizer.organizer.SimpleNIOFileOrganizerTest" time="0.006"/>
  <testcase name="shouldOrganizeFileWithoutYear" classname="com.musicorganizer.organizer.SimpleNIOFileOrganizerTest" time="0.003"/>
  <testcase name="shouldPreserveFileExtensions" classname="com.musicorganizer.organizer.SimpleNIOFileOrganizerTest" time="0.005"/>
  <testcase name="shouldHandleAsyncOrganization" classname="com.musicorganizer.organizer.SimpleNIOFileOrganizerTest" time="0.003"/>
  <testcase name="shouldHandleEmptyMetadataMap" classname="com.musicorganizer.organizer.SimpleNIOFileOrganizerTest" time="0.001"/>
  <testcase name="shouldCallProgressTracker" classname="com.musicorganizer.organizer.SimpleNIOFileOrganizerTest" time="0.01"/>
  <testcase name="shouldHandleDisabledDirectoryCreation" classname="com.musicorganizer.organizer.SimpleNIOFileOrganizerTest" time="0.002"/>
  <testcase name="shouldCreateTargetDirectoryOnConstruction" classname="com.musicorganizer.organizer.SimpleNIOFileOrganizerTest" time="0.001"/>
  <testcase name="shouldMeasureProcessingTime" classname="com.musicorganizer.organizer.SimpleNIOFileOrganizerTest" time="0.002"/>
  <testcase name="shouldHandleRollbackOperations" classname="com.musicorganizer.organizer.SimpleNIOFileOrganizerTest" time="0.002"/>
  <testcase name="shouldCreateCustomConfiguration" classname="com.musicorganizer.organizer.SimpleNIOFileOrganizerTest$ConfigurationTests" time="0.002"/>
  <testcase name="shouldCreateDefaultConfiguration" classname="com.musicorganizer.organizer.SimpleNIOFileOrganizerTest$ConfigurationTests" time="0.001"/>
</testsuite>