<?xml version="1.0" encoding="UTF-8"?>
<testsuite xmlns:xsi="http://www.w3.org/2001/XMLSchema-instance" xsi:noNamespaceSchemaLocation="https://maven.apache.org/surefire/maven-surefire-plugin/xsd/surefire-test-report-3.0.xsd" version="3.0" name="com.musicorganizer.processor.ConcurrentDuplicateFinderTest$MetadataDuplicateTests" time="0.007" tests="5" errors="0" skipped="0" failures="0">
  <properties>
[...]
</properties>
  <testcase name="shouldFindMetadataDuplicates" classname="com.musicorganizer.processor.ConcurrentDuplicateFinderTest$MetadataDuplicateTests" time="0.001">
    <system-out><![CDATA[Starting duplicate analysis of 2 files...
Finding exact duplicates by checksum...
Finding metadata-based duplicates...
Finding size-based potential duplicates...
Found 0 exact duplicate groups
Found 0 size-based potential duplicate groups
Found 1 metadata-based duplicate groups
Duplicate analysis completed. Found 1 duplicate groups
]]></system-out>
  </testcase>
  <testcase name="shouldHandleFilesWithNoMetadata" classname="com.musicorganizer.processor.ConcurrentDuplicateFinderTest$MetadataDuplicateTests" time="0.0">
    <system-out><![CDATA[Starting duplicate analysis of 2 files...
Finding exact duplicates by checksum...
Finding metadata-based duplicates...
Finding size-based potential duplicates...
Found 0 metadata-based duplicate groups
Found 0 size-based potential duplicate groups
Found 0 exact duplicate groups
Duplicate analysis completed. Found 0 duplicate groups
]]></system-out>
  </testcase>
  <testcase name="shouldNormalizeMetadataForComparison" classname="com.musicorganizer.processor.ConcurrentDuplicateFinderTest$MetadataDuplicateTests" time="0.001">
    <system-out><![CDATA[Starting duplicate analysis of 2 files...
Finding exact duplicates by checksum...
Finding metadata-based duplicates...
Finding size-based potential duplicates...
Found 0 exact duplicate groups
Found 1 metadata-based duplicate groups
Found 0 size-based potential duplicate groups
Duplicate analysis completed. Found 1 duplicate groups
]]></system-out>
  </testcase>
  <testcase name="shouldNotFindMetadataDuplicatesWhenDisabled" classname="com.musicorganizer.processor.ConcurrentDuplicateFinderTest$MetadataDuplicateTests" time="0.001">
    <system-out><![CDATA[Starting duplicate analysis of 2 files...
Finding exact duplicates by checksum...
Found 0 exact duplicate groupsFinding size-based potential duplicates...

Found 0 size-based potential duplicate groups
Duplicate analysis completed. Found 0 duplicate groups
]]></system-out>
  </testcase>
  <testcase name="shouldRespectSimilarityThreshold" classname="com.musicorganizer.processor.ConcurrentDuplicateFinderTest$MetadataDuplicateTests" time="0.001">
    <system-out><![CDATA[Starting duplicate analysis of 2 files...
Finding exact duplicates by checksum...
Finding metadata-based duplicates...
Finding size-based potential duplicates...
Found 0 exact duplicate groups
Found 0 metadata-based duplicate groups
Found 0 size-based potential duplicate groups
Duplicate analysis completed. Found 0 duplicate groups
]]></system-out>
  </testcase>
</testsuite>