<?xml version="1.0" encoding="UTF-8"?>
<testsuite xmlns:xsi="http://www.w3.org/2001/XMLSchema-instance" xsi:noNamespaceSchemaLocation="https://maven.apache.org/surefire/maven-surefire-plugin/xsd/surefire-test-report-3.0.xsd" version="3.0" name="com.musicorganizer.scanner.ParallelMusicScannerTest$VirtualThreadProcessingTests" time="0.007" tests="2" errors="0" skipped="0" failures="1">
  <properties>
[...]
</properties>
  <testcase name="shouldUseVirtualThreadsForParallelProcessing" classname="com.musicorganizer.scanner.ParallelMusicScannerTest$VirtualThreadProcessingTests" time="0.004">
    <failure message="Should use virtual threads for processing ==&gt; expected: &lt;true&gt; but was: &lt;false&gt;" type="org.opentest4j.AssertionFailedError"><![CDATA[org.opentest4j.AssertionFailedError: Should use virtual threads for processing ==> expected: <true> but was: <false>
	at org.junit.jupiter.api.AssertionFailureBuilder.build(AssertionFailureBuilder.java:151)
	at org.junit.jupiter.api.AssertionFailureBuilder.buildAndThrow(AssertionFailureBuilder.java:132)
	at org.junit.jupiter.api.AssertTrue.failNotTrue(AssertTrue.java:63)
	at org.junit.jupiter.api.AssertTrue.assertTrue(AssertTrue.java:36)
	at org.junit.jupiter.api.Assertions.assertTrue(Assertions.java:214)
	at com.musicorganizer.scanner.ParallelMusicScannerTest$VirtualThreadProcessingTests.shouldUseVirtualThreadsForParallelProcessing(ParallelMusicScannerTest.java:367)
	at java.base/java.lang.reflect.Method.invoke(Method.java:565)
	at java.base/java.util.ArrayList.forEach(ArrayList.java:1604)
	at java.base/java.util.ArrayList.forEach(ArrayList.java:1604)
	at java.base/java.util.ArrayList.forEach(ArrayList.java:1604)
]]></failure>
    <system-out><![CDATA[Starting parallel scan of: /test/music
Found 3 audio files to process
Processing files with virtual threads...
Scan completed in 0s
Successfully processed: 3 files
Failed: 0 files
]]></system-out>
    <system-err><![CDATA[Failed to extract metadata from: /test/music/song1.mp3 - null
Failed to extract metadata from: /test/music/song2.mp3 - null
Failed to extract metadata from: /test/music/song3.mp3 - null
]]></system-err>
  </testcase>
  <testcase name="shouldHandleVirtualThreadInterruptionGracefully" classname="com.musicorganizer.scanner.ParallelMusicScannerTest$VirtualThreadProcessingTests" time="0.003">
    <system-out><![CDATA[Starting parallel scan of: /test/music
Found 2 audio files to process
Processing files with virtual threads...
Scan completed in 0s
Successfully processed: 2 files
Failed: 0 files
]]></system-out>
    <system-err><![CDATA[Failed to extract metadata from: /test/music/song1.mp3 - null
Failed to extract metadata from: /test/music/song2.mp3 - null
]]></system-err>
  </testcase>
</testsuite>